<?xml version="1.0" encoding="utf-8"?><testsuites name="pytest tests"><testsuite name="pytest" errors="0" failures="0" skipped="0" tests="10" time="1.469" timestamp="2025-10-22T11:27:56.744792-07:00" hostname="DESKTOP-P9HE4EI"><testcase classname="backend.tests.unit.test_health" name="test_root_endpoint" time="1.118" /><testcase classname="backend.tests.unit.test_health" name="test_health_endpoint" time="0.003" /><testcase classname="backend.tests.unit.test_health" name="test_health_endpoint_content_type" time="0.003" /><testcase classname="backend.tests.unit.test_health" name="test_health_live_endpoint" time="0.003" /><testcase classname="backend.tests.unit.test_health" name="test_health_ready_endpoint" time="0.003" /><testcase classname="backend.tests.unit.test_health" name="test_health_system_endpoint" time="0.003" /><testcase classname="backend.tests.unit.test_health" name="test_health_system_endpoint_structure" time="0.003" /><testcase classname="backend.tests.unit.test_health" name="test_docs_endpoint_accessible" time="0.003" /><testcase classname="backend.tests.unit.test_health" name="test_openapi_schema_accessible" time="0.004" /><testcase classname="backend.tests.unit.test_health" name="test_health_endpoint_no_sensitive_data" time="0.005" /></testsuite></testsuites>